Analysis & Synthesis report for uart-banner
Tue Apr 22 21:29:21 2025
Quartus Prime Version 24.1std.0 Build 1077 03/04/2025 SC Lite Edition


---------------------
; Table of Contents ;
---------------------
  1. Legal Notice
  2. Analysis & Synthesis Summary
  3. Analysis & Synthesis Settings
  4. Parallel Compilation
  5. Analysis & Synthesis Source Files Read
  6. Analysis & Synthesis Resource Usage Summary
  7. Analysis & Synthesis Resource Utilization by Entity
  8. State Machine - |top|uart:uart_inst|uart_tx:tx_inst|state
  9. State Machine - |top|uart:uart_inst|uart_rx:rx_inst|baund_detect_state
 10. State Machine - |top|uart:uart_inst|uart_rx:rx_inst|operate_state
 11. State Machine - |top|uart:uart_inst|uart_rx:rx_inst|division:divide|state
 12. State Machine - |top|uart:uart_inst|fifo:rx_fifo|state
 13. State Machine - |top|uart:uart_inst|fifo:tx_fifo|state
 14. Registers Removed During Synthesis
 15. Removed Registers Triggering Further Register Optimizations
 16. General Register Statistics
 17. Inverted Register Statistics
 18. Multiplexer Restructuring Statistics (Restructuring Performed)
 19. Parameter Settings for User Entity Instance: uart:uart_inst
 20. Parameter Settings for User Entity Instance: uart:uart_inst|rx_specific_counter:counter
 21. Parameter Settings for User Entity Instance: uart:uart_inst|fifo:tx_fifo
 22. Parameter Settings for User Entity Instance: uart:uart_inst|fifo:rx_fifo
 23. Parameter Settings for User Entity Instance: uart:uart_inst|uart_rx:rx_inst
 24. Parameter Settings for User Entity Instance: uart:uart_inst|uart_rx:rx_inst|division:divide
 25. Parameter Settings for User Entity Instance: uart:uart_inst|uart_tx:tx_inst
 26. Parameter Settings for User Entity Instance: serial2parallel:s2p
 27. Parameter Settings for User Entity Instance: bcd_shift_register:sr
 28. Port Connectivity Checks: "serial2parallel:s2p"
 29. Port Connectivity Checks: "uart:uart_inst|uart_rx:rx_inst|division:divide"
 30. Port Connectivity Checks: "uart:uart_inst|rx_specific_counter:counter"
 31. Port Connectivity Checks: "uart:uart_inst"
 32. Post-Synthesis Netlist Statistics for Top Partition
 33. Elapsed Time Per Partition
 34. Analysis & Synthesis Messages
 35. Analysis & Synthesis Suppressed Messages



----------------
; Legal Notice ;
----------------
Copyright (C) 2025  Altera Corporation. All rights reserved.
Your use of Altera Corporation's design tools, logic functions 
and other software and tools, and any partner logic 
functions, and any output files from any of the foregoing 
(including device programming or simulation files), and any 
associated documentation or information are expressly subject 
to the terms and conditions of the Altera Program License 
Subscription Agreement, the Altera Quartus Prime License Agreement,
the Altera IP License Agreement, or other applicable license
agreement, including, without limitation, that your use is for
the sole purpose of programming logic devices manufactured by
Altera and sold by Altera or its authorized distributors.  Please
refer to the Altera Software License Subscription Agreements 
on the Quartus Prime software download page.



+--------------------------------------------------------------------------------------+
; Analysis & Synthesis Summary                                                         ;
+------------------------------------+-------------------------------------------------+
; Analysis & Synthesis Status        ; Successful - Tue Apr 22 21:29:21 2025           ;
; Quartus Prime Version              ; 24.1std.0 Build 1077 03/04/2025 SC Lite Edition ;
; Revision Name                      ; uart-banner                                     ;
; Top-level Entity Name              ; top                                             ;
; Family                             ; MAX 10                                          ;
; Total logic elements               ; 605                                             ;
;     Total combinational functions  ; 490                                             ;
;     Dedicated logic registers      ; 391                                             ;
; Total registers                    ; 391                                             ;
; Total pins                         ; 54                                              ;
; Total virtual pins                 ; 0                                               ;
; Total memory bits                  ; 0                                               ;
; Embedded Multiplier 9-bit elements ; 0                                               ;
; Total PLLs                         ; 0                                               ;
; UFM blocks                         ; 0                                               ;
; ADC blocks                         ; 0                                               ;
+------------------------------------+-------------------------------------------------+


+------------------------------------------------------------------------------------------------------------+
; Analysis & Synthesis Settings                                                                              ;
+------------------------------------------------------------------+--------------------+--------------------+
; Option                                                           ; Setting            ; Default Value      ;
+------------------------------------------------------------------+--------------------+--------------------+
; Device                                                           ; 10M50DAF484C7G     ;                    ;
; Top-level entity name                                            ; top                ; uart-banner        ;
; Family name                                                      ; MAX 10             ; Cyclone V          ;
; Use smart compilation                                            ; Off                ; Off                ;
; Enable parallel Assembler and Timing Analyzer during compilation ; On                 ; On                 ;
; Enable compact report table                                      ; Off                ; Off                ;
; Restructure Multiplexers                                         ; Auto               ; Auto               ;
; Create Debugging Nodes for IP Cores                              ; Off                ; Off                ;
; Preserve fewer node names                                        ; On                 ; On                 ;
; Intel FPGA IP Evaluation Mode                                    ; Enable             ; Enable             ;
; Verilog Version                                                  ; Verilog_2001       ; Verilog_2001       ;
; VHDL Version                                                     ; VHDL_1993          ; VHDL_1993          ;
; State Machine Processing                                         ; Auto               ; Auto               ;
; Safe State Machine                                               ; Off                ; Off                ;
; Extract Verilog State Machines                                   ; On                 ; On                 ;
; Extract VHDL State Machines                                      ; On                 ; On                 ;
; Ignore Verilog initial constructs                                ; Off                ; Off                ;
; Iteration limit for constant Verilog loops                       ; 5000               ; 5000               ;
; Iteration limit for non-constant Verilog loops                   ; 250                ; 250                ;
; Add Pass-Through Logic to Inferred RAMs                          ; On                 ; On                 ;
; Infer RAMs from Raw Logic                                        ; On                 ; On                 ;
; Parallel Synthesis                                               ; On                 ; On                 ;
; DSP Block Balancing                                              ; Auto               ; Auto               ;
; NOT Gate Push-Back                                               ; On                 ; On                 ;
; Power-Up Don't Care                                              ; On                 ; On                 ;
; Remove Redundant Logic Cells                                     ; Off                ; Off                ;
; Remove Duplicate Registers                                       ; On                 ; On                 ;
; Ignore CARRY Buffers                                             ; Off                ; Off                ;
; Ignore CASCADE Buffers                                           ; Off                ; Off                ;
; Ignore GLOBAL Buffers                                            ; Off                ; Off                ;
; Ignore ROW GLOBAL Buffers                                        ; Off                ; Off                ;
; Ignore LCELL Buffers                                             ; Off                ; Off                ;
; Ignore SOFT Buffers                                              ; On                 ; On                 ;
; Limit AHDL Integers to 32 Bits                                   ; Off                ; Off                ;
; Optimization Technique                                           ; Balanced           ; Balanced           ;
; Carry Chain Length                                               ; 70                 ; 70                 ;
; Auto Carry Chains                                                ; On                 ; On                 ;
; Auto Open-Drain Pins                                             ; On                 ; On                 ;
; Perform WYSIWYG Primitive Resynthesis                            ; Off                ; Off                ;
; Auto ROM Replacement                                             ; On                 ; On                 ;
; Auto RAM Replacement                                             ; On                 ; On                 ;
; Auto DSP Block Replacement                                       ; On                 ; On                 ;
; Auto Shift Register Replacement                                  ; Auto               ; Auto               ;
; Allow Shift Register Merging across Hierarchies                  ; Auto               ; Auto               ;
; Auto Clock Enable Replacement                                    ; On                 ; On                 ;
; Strict RAM Replacement                                           ; Off                ; Off                ;
; Allow Synchronous Control Signals                                ; On                 ; On                 ;
; Force Use of Synchronous Clear Signals                           ; Off                ; Off                ;
; Auto RAM Block Balancing                                         ; On                 ; On                 ;
; Auto RAM to Logic Cell Conversion                                ; Off                ; Off                ;
; Auto Resource Sharing                                            ; Off                ; Off                ;
; Allow Any RAM Size For Recognition                               ; Off                ; Off                ;
; Allow Any ROM Size For Recognition                               ; Off                ; Off                ;
; Allow Any Shift Register Size For Recognition                    ; Off                ; Off                ;
; Use LogicLock Constraints during Resource Balancing              ; On                 ; On                 ;
; Ignore translate_off and synthesis_off directives                ; Off                ; Off                ;
; Timing-Driven Synthesis                                          ; On                 ; On                 ;
; Report Parameter Settings                                        ; On                 ; On                 ;
; Report Source Assignments                                        ; On                 ; On                 ;
; Report Connectivity Checks                                       ; On                 ; On                 ;
; Ignore Maximum Fan-Out Assignments                               ; Off                ; Off                ;
; Synchronization Register Chain Length                            ; 2                  ; 2                  ;
; Power Optimization During Synthesis                              ; Normal compilation ; Normal compilation ;
; HDL message level                                                ; Level2             ; Level2             ;
; Suppress Register Optimization Related Messages                  ; Off                ; Off                ;
; Number of Removed Registers Reported in Synthesis Report         ; 5000               ; 5000               ;
; Number of Swept Nodes Reported in Synthesis Report               ; 5000               ; 5000               ;
; Number of Inverted Registers Reported in Synthesis Report        ; 100                ; 100                ;
; Clock MUX Protection                                             ; On                 ; On                 ;
; Auto Gated Clock Conversion                                      ; Off                ; Off                ;
; Block Design Naming                                              ; Auto               ; Auto               ;
; SDC constraint protection                                        ; Off                ; Off                ;
; Synthesis Effort                                                 ; Auto               ; Auto               ;
; Shift Register Replacement - Allow Asynchronous Clear Signal     ; On                 ; On                 ;
; Pre-Mapping Resynthesis Optimization                             ; Off                ; Off                ;
; Analysis & Synthesis Message Level                               ; Medium             ; Medium             ;
; Disable Register Merging Across Hierarchies                      ; Auto               ; Auto               ;
; Resource Aware Inference For Block RAM                           ; On                 ; On                 ;
+------------------------------------------------------------------+--------------------+--------------------+


+------------------------------------------+
; Parallel Compilation                     ;
+----------------------------+-------------+
; Processors                 ; Number      ;
+----------------------------+-------------+
; Number detected on machine ; 4           ;
; Maximum allowed            ; 4           ;
;                            ;             ;
; Average used               ; 1.00        ;
; Maximum used               ; 4           ;
;                            ;             ;
; Usage by Processor         ; % Time Used ;
;     Processor 1            ; 100.0%      ;
;     Processor 2            ;   0.0%      ;
;     Processor 3            ;   0.0%      ;
;     Processor 4            ;   0.0%      ;
+----------------------------+-------------+


+-------------------------------------------------------------------------------------------------------------------------------------------------------+
; Analysis & Synthesis Source Files Read                                                                                                                ;
+----------------------------------+-----------------+------------------------------+---------------------------------------------------------+---------+
; File Name with User-Entered Path ; Used in Netlist ; File Type                    ; File Name with Absolute Path                            ; Library ;
+----------------------------------+-----------------+------------------------------+---------------------------------------------------------+---------+
; src/top.v                        ; yes             ; User Verilog HDL File        ; C:/hellowhandsome/uart-banner/src/top.v                 ;         ;
; src/signal_decoder.v             ; yes             ; User Verilog HDL File        ; C:/hellowhandsome/uart-banner/src/signal_decoder.v      ;         ;
; src/bcd2sseg_active_low.v        ; yes             ; User Verilog HDL File        ; C:/hellowhandsome/uart-banner/src/bcd2sseg_active_low.v ;         ;
; src/bcd_shift_register.v         ; yes             ; User Verilog HDL File        ; C:/hellowhandsome/uart-banner/src/bcd_shift_register.v  ;         ;
; src/uart/division.v              ; yes             ; Auto-Found Verilog HDL File  ; C:/hellowhandsome/uart-banner/src/uart/division.v       ;         ;
; src/uart/uart_rx.v               ; yes             ; Auto-Found Verilog HDL File  ; C:/hellowhandsome/uart-banner/src/uart/uart_rx.v        ;         ;
; src/uart/uart_tx.v               ; yes             ; Auto-Found Verilog HDL File  ; C:/hellowhandsome/uart-banner/src/uart/uart_tx.v        ;         ;
; src/uart/m_counter.v             ; yes             ; Auto-Found Verilog HDL File  ; C:/hellowhandsome/uart-banner/src/uart/m_counter.v      ;         ;
; src/uart/fifo.v                  ; yes             ; Auto-Found Verilog HDL File  ; C:/hellowhandsome/uart-banner/src/uart/fifo.v           ;         ;
; src/uart/uart.v                  ; yes             ; Auto-Found Verilog HDL File  ; C:/hellowhandsome/uart-banner/src/uart/uart.v           ;         ;
; serial2parallel.v                ; yes             ; Auto-Found Verilog HDL File  ; C:/hellowhandsome/uart-banner/serial2parallel.v         ;         ;
+----------------------------------+-----------------+------------------------------+---------------------------------------------------------+---------+


+---------------------------------------------------------+
; Analysis & Synthesis Resource Usage Summary             ;
+---------------------------------------------+-----------+
; Resource                                    ; Usage     ;
+---------------------------------------------+-----------+
; Estimated Total logic elements              ; 605       ;
;                                             ;           ;
; Total combinational functions               ; 490       ;
; Logic element usage by number of LUT inputs ;           ;
;     -- 4 input functions                    ; 287       ;
;     -- 3 input functions                    ; 78        ;
;     -- <=2 input functions                  ; 125       ;
;                                             ;           ;
; Logic elements by mode                      ;           ;
;     -- normal mode                          ; 393       ;
;     -- arithmetic mode                      ; 97        ;
;                                             ;           ;
; Total registers                             ; 391       ;
;     -- Dedicated logic registers            ; 391       ;
;     -- I/O registers                        ; 0         ;
;                                             ;           ;
; I/O pins                                    ; 54        ;
;                                             ;           ;
; Embedded Multiplier 9-bit elements          ; 0         ;
;                                             ;           ;
; Maximum fan-out node                        ; clk~input ;
; Maximum fan-out                             ; 391       ;
; Total fan-out                               ; 3186      ;
; Average fan-out                             ; 3.22      ;
+---------------------------------------------+-----------+


+-------------------------------------------------------------------------------------------------------------------------------------------------------------------------------------------------------------------------------------------------------------------------------------+
; Analysis & Synthesis Resource Utilization by Entity                                                                                                                                                                                                                                 ;
+-------------------------------------+---------------------+---------------------------+-------------+------------+--------------+---------+-----------+------+--------------+------------+-----------------------------------------------------+---------------------+--------------+
; Compilation Hierarchy Node          ; Combinational ALUTs ; Dedicated Logic Registers ; Memory Bits ; UFM Blocks ; DSP Elements ; DSP 9x9 ; DSP 18x18 ; Pins ; Virtual Pins ; ADC blocks ; Full Hierarchy Name                                 ; Entity Name         ; Library Name ;
+-------------------------------------+---------------------+---------------------------+-------------+------------+--------------+---------+-----------+------+--------------+------------+-----------------------------------------------------+---------------------+--------------+
; |top                                ; 490 (0)             ; 391 (0)                   ; 0           ; 0          ; 0            ; 0       ; 0         ; 54   ; 0            ; 0          ; |top                                                ; top                 ; work         ;
;    |bcd2sseg_active_low:b2ssg|      ; 42 (42)             ; 0 (0)                     ; 0           ; 0          ; 0            ; 0       ; 0         ; 0    ; 0            ; 0          ; |top|bcd2sseg_active_low:b2ssg                      ; bcd2sseg_active_low ; work         ;
;    |bcd_shift_register:sr|          ; 29 (29)             ; 26 (26)                   ; 0           ; 0          ; 0            ; 0       ; 0         ; 0    ; 0            ; 0          ; |top|bcd_shift_register:sr                          ; bcd_shift_register  ; work         ;
;    |serial2parallel:s2p|            ; 15 (15)             ; 32 (32)                   ; 0           ; 0          ; 0            ; 0       ; 0         ; 0    ; 0            ; 0          ; |top|serial2parallel:s2p                            ; serial2parallel     ; work         ;
;    |signal_decoder:dcode|           ; 4 (4)               ; 0 (0)                     ; 0           ; 0          ; 0            ; 0       ; 0         ; 0    ; 0            ; 0          ; |top|signal_decoder:dcode                           ; signal_decoder      ; work         ;
;    |uart:uart_inst|                 ; 400 (0)             ; 333 (0)                   ; 0           ; 0          ; 0            ; 0       ; 0         ; 0    ; 0            ; 0          ; |top|uart:uart_inst                                 ; uart                ; work         ;
;       |fifo:rx_fifo|                ; 66 (66)             ; 76 (76)                   ; 0           ; 0          ; 0            ; 0       ; 0         ; 0    ; 0            ; 0          ; |top|uart:uart_inst|fifo:rx_fifo                    ; fifo                ; work         ;
;       |rx_specific_counter:counter| ; 36 (36)             ; 49 (49)                   ; 0           ; 0          ; 0            ; 0       ; 0         ; 0    ; 0            ; 0          ; |top|uart:uart_inst|rx_specific_counter:counter     ; rx_specific_counter ; work         ;
;       |uart_rx:rx_inst|             ; 298 (138)           ; 208 (99)                  ; 0           ; 0          ; 0            ; 0       ; 0         ; 0    ; 0            ; 0          ; |top|uart:uart_inst|uart_rx:rx_inst                 ; uart_rx             ; work         ;
;          |division:divide|          ; 160 (160)           ; 109 (109)                 ; 0           ; 0          ; 0            ; 0       ; 0         ; 0    ; 0            ; 0          ; |top|uart:uart_inst|uart_rx:rx_inst|division:divide ; division            ; work         ;
+-------------------------------------+---------------------+---------------------------+-------------+------------+--------------+---------+-----------+------+--------------+------------+-----------------------------------------------------+---------------------+--------------+
Note: For table entries with two numbers listed, the numbers in parentheses indicate the number of resources of the given type used by the specific entity alone. The numbers listed outside of parentheses indicate the total resources of the given type used by the specific entity and all of its sub-entities in the hierarchy.


Encoding Type:  One-Hot
+----------------------------------------------------------------+
; State Machine - |top|uart:uart_inst|uart_tx:tx_inst|state      ;
+-------------+------------+------------+-------------+----------+
; Name        ; state.STOP ; state.DATA ; state.START ; state.00 ;
+-------------+------------+------------+-------------+----------+
; state.00    ; 0          ; 0          ; 0           ; 0        ;
; state.START ; 0          ; 0          ; 1           ; 1        ;
; state.DATA  ; 0          ; 1          ; 0           ; 1        ;
; state.STOP  ; 1          ; 0          ; 0           ; 1        ;
+-------------+------------+------------+-------------+----------+


Encoding Type:  One-Hot
+-------------------------------------------------------------------------------------------------------+
; State Machine - |top|uart:uart_inst|uart_rx:rx_inst|baund_detect_state                                ;
+-------------------------+-------------------------+-------------------------+-------------------------+
; Name                    ; baund_detect_state.DATA ; baund_detect_state.IDLE ; baund_detect_state.STOP ;
+-------------------------+-------------------------+-------------------------+-------------------------+
; baund_detect_state.IDLE ; 0                       ; 0                       ; 0                       ;
; baund_detect_state.DATA ; 1                       ; 1                       ; 0                       ;
; baund_detect_state.STOP ; 0                       ; 1                       ; 1                       ;
+-------------------------+-------------------------+-------------------------+-------------------------+


Encoding Type:  One-Hot
+----------------------------------------------------------------------------------------------------------+
; State Machine - |top|uart:uart_inst|uart_rx:rx_inst|operate_state                                        ;
+---------------------+--------------------+--------------------+---------------------+--------------------+
; Name                ; operate_state.STOP ; operate_state.DATA ; operate_state.START ; operate_state.IDLE ;
+---------------------+--------------------+--------------------+---------------------+--------------------+
; operate_state.IDLE  ; 0                  ; 0                  ; 0                   ; 0                  ;
; operate_state.START ; 0                  ; 0                  ; 1                   ; 1                  ;
; operate_state.DATA  ; 0                  ; 1                  ; 0                   ; 1                  ;
; operate_state.STOP  ; 1                  ; 0                  ; 0                   ; 1                  ;
+---------------------+--------------------+--------------------+---------------------+--------------------+


Encoding Type:  One-Hot
+---------------------------------------------------------------------------+
; State Machine - |top|uart:uart_inst|uart_rx:rx_inst|division:divide|state ;
+--------------+-------------+--------------+-------------------------------+
; Name         ; state.READY ; state.FINISH ; state.PROC                    ;
+--------------+-------------+--------------+-------------------------------+
; state.READY  ; 0           ; 0            ; 0                             ;
; state.PROC   ; 1           ; 0            ; 1                             ;
; state.FINISH ; 1           ; 1            ; 0                             ;
+--------------+-------------+--------------+-------------------------------+


Encoding Type:  One-Hot
+--------------------------------------------------------+
; State Machine - |top|uart:uart_inst|fifo:rx_fifo|state ;
+-------------+-------------+------------+---------------+
; Name        ; state.EMPTY ; state.FULL ; state.PROC    ;
+-------------+-------------+------------+---------------+
; state.EMPTY ; 0           ; 0          ; 0             ;
; state.PROC  ; 1           ; 0          ; 1             ;
; state.FULL  ; 1           ; 1          ; 0             ;
+-------------+-------------+------------+---------------+


Encoding Type:  One-Hot
+--------------------------------------------------------+
; State Machine - |top|uart:uart_inst|fifo:tx_fifo|state ;
+-------------+-------------+------------+---------------+
; Name        ; state.EMPTY ; state.FULL ; state.PROC    ;
+-------------+-------------+------------+---------------+
; state.EMPTY ; 0           ; 0          ; 0             ;
; state.PROC  ; 1           ; 0          ; 1             ;
; state.FULL  ; 1           ; 1          ; 0             ;
+-------------+-------------+------------+---------------+


+--------------------------------------------------------------------------------------------------------+
; Registers Removed During Synthesis                                                                     ;
+------------------------------------------------+-------------------------------------------------------+
; Register name                                  ; Reason for Removal                                    ;
+------------------------------------------------+-------------------------------------------------------+
; uart:uart_inst|fifo:tx_fifo|write_en           ; Lost fanout                                           ;
; uart:uart_inst|fifo:tx_fifo|write_addr[0..2]   ; Merged with uart:uart_inst|fifo:tx_fifo|write_addr[3] ;
; uart:uart_inst|fifo:tx_fifo|write_addr[3]      ; Stuck at GND due to stuck port data_in                ;
; uart:uart_inst|uart_tx:tx_inst|in_reg[8]       ; Stuck at GND due to stuck port data_in                ;
; uart:uart_inst|uart_tx:tx_inst|state~8         ; Lost fanout                                           ;
; uart:uart_inst|uart_tx:tx_inst|state~9         ; Lost fanout                                           ;
; uart:uart_inst|uart_rx:rx_inst|operate_state~7 ; Lost fanout                                           ;
; uart:uart_inst|uart_rx:rx_inst|operate_state~8 ; Lost fanout                                           ;
; uart:uart_inst|fifo:tx_fifo|state.FULL         ; Stuck at GND due to stuck port data_in                ;
; uart:uart_inst|fifo:tx_fifo|state.PROC         ; Stuck at GND due to stuck port data_in                ;
; uart:uart_inst|fifo:tx_fifo|state.EMPTY        ; Stuck at GND due to stuck port data_in                ;
; uart:uart_inst|fifo:tx_fifo|read_addr[0..3]    ; Stuck at GND due to stuck port clock_enable           ;
; uart:uart_inst|uart_tx:tx_inst|state.START     ; Stuck at GND due to stuck port data_in                ;
; uart:uart_inst|uart_tx:tx_inst|state.DATA      ; Stuck at GND due to stuck port data_in                ;
; uart:uart_inst|uart_tx:tx_inst|n[0..3]         ; Stuck at GND due to stuck port data_in                ;
; uart:uart_inst|uart_tx:tx_inst|in_reg[0]       ; Stuck at GND due to stuck port data_in                ;
; uart:uart_inst|uart_tx:tx_inst|state.STOP      ; Stuck at GND due to stuck port data_in                ;
; uart:uart_inst|uart_tx:tx_inst|in_reg[1..7]    ; Stuck at GND due to stuck port data_in                ;
; uart:uart_inst|uart_tx:tx_inst|tx              ; Stuck at VCC due to stuck port data_in                ;
; uart:uart_inst|uart_tx:tx_inst|done_tick       ; Stuck at GND due to stuck port data_in                ;
; uart:uart_inst|uart_tx:tx_inst|state.00        ; Stuck at GND due to stuck port data_in                ;
; uart:uart_inst|uart_tx:tx_inst|s_reg[0..4]     ; Stuck at GND due to stuck port clock_enable           ;
; Total Number of Removed Registers = 40         ;                                                       ;
+------------------------------------------------+-------------------------------------------------------+


+--------------------------------------------------------------------------------------------------------------------------------------------------------------+
; Removed Registers Triggering Further Register Optimizations                                                                                                  ;
+--------------------------------------------+---------------------------+-------------------------------------------------------------------------------------+
; Register name                              ; Reason for Removal        ; Registers Removed due to This Register                                              ;
+--------------------------------------------+---------------------------+-------------------------------------------------------------------------------------+
; uart:uart_inst|fifo:tx_fifo|state.FULL     ; Stuck at GND              ; uart:uart_inst|fifo:tx_fifo|state.EMPTY, uart:uart_inst|uart_tx:tx_inst|n[3],       ;
;                                            ; due to stuck port data_in ; uart:uart_inst|uart_tx:tx_inst|n[2], uart:uart_inst|uart_tx:tx_inst|n[1],           ;
;                                            ;                           ; uart:uart_inst|uart_tx:tx_inst|n[0], uart:uart_inst|uart_tx:tx_inst|s_reg[3],       ;
;                                            ;                           ; uart:uart_inst|uart_tx:tx_inst|s_reg[2], uart:uart_inst|uart_tx:tx_inst|s_reg[1],   ;
;                                            ;                           ; uart:uart_inst|uart_tx:tx_inst|s_reg[0]                                             ;
; uart:uart_inst|uart_tx:tx_inst|state.START ; Stuck at GND              ; uart:uart_inst|uart_tx:tx_inst|in_reg[0], uart:uart_inst|uart_tx:tx_inst|in_reg[1], ;
;                                            ; due to stuck port data_in ; uart:uart_inst|uart_tx:tx_inst|in_reg[2], uart:uart_inst|uart_tx:tx_inst|in_reg[3], ;
;                                            ;                           ; uart:uart_inst|uart_tx:tx_inst|in_reg[4], uart:uart_inst|uart_tx:tx_inst|in_reg[5], ;
;                                            ;                           ; uart:uart_inst|uart_tx:tx_inst|in_reg[6], uart:uart_inst|uart_tx:tx_inst|done_tick  ;
; uart:uart_inst|fifo:tx_fifo|write_addr[3]  ; Stuck at GND              ; uart:uart_inst|fifo:tx_fifo|read_addr[0], uart:uart_inst|fifo:tx_fifo|read_addr[1], ;
;                                            ; due to stuck port data_in ; uart:uart_inst|fifo:tx_fifo|read_addr[2], uart:uart_inst|fifo:tx_fifo|read_addr[3], ;
;                                            ;                           ; uart:uart_inst|uart_tx:tx_inst|tx                                                   ;
; uart:uart_inst|uart_tx:tx_inst|state.STOP  ; Stuck at GND              ; uart:uart_inst|uart_tx:tx_inst|state.00, uart:uart_inst|uart_tx:tx_inst|s_reg[4]    ;
;                                            ; due to stuck port data_in ;                                                                                     ;
; uart:uart_inst|uart_tx:tx_inst|in_reg[8]   ; Stuck at GND              ; uart:uart_inst|uart_tx:tx_inst|in_reg[7]                                            ;
;                                            ; due to stuck port data_in ;                                                                                     ;
+--------------------------------------------+---------------------------+-------------------------------------------------------------------------------------+


+------------------------------------------------------+
; General Register Statistics                          ;
+----------------------------------------------+-------+
; Statistic                                    ; Value ;
+----------------------------------------------+-------+
; Total registers                              ; 391   ;
; Number of registers using Synchronous Clear  ; 27    ;
; Number of registers using Synchronous Load   ; 16    ;
; Number of registers using Asynchronous Clear ; 327   ;
; Number of registers using Asynchronous Load  ; 0     ;
; Number of registers using Clock Enable       ; 304   ;
; Number of registers using Preset             ; 0     ;
+----------------------------------------------+-------+


+------------------------------------------------------------+
; Inverted Register Statistics                               ;
+--------------------------------------------------+---------+
; Inverted Register                                ; Fan out ;
+--------------------------------------------------+---------+
; bcd_shift_register:sr|shift_direction            ; 25      ;
; uart:uart_inst|rx_specific_counter:counter|_m[0] ; 1       ;
; uart:uart_inst|rx_specific_counter:counter|_m[2] ; 1       ;
; uart:uart_inst|rx_specific_counter:counter|_m[6] ; 1       ;
; uart:uart_inst|rx_specific_counter:counter|_m[8] ; 1       ;
; uart:uart_inst|fifo:rx_fifo|write_en             ; 9       ;
; Total number of inverted registers = 6           ;         ;
+--------------------------------------------------+---------+


+------------------------------------------------------------------------------------------------------------------------------------------------------------------------------+
; Multiplexer Restructuring Statistics (Restructuring Performed)                                                                                                               ;
+--------------------+-----------+---------------+----------------------+------------------------+------------+----------------------------------------------------------------+
; Multiplexer Inputs ; Bus Width ; Baseline Area ; Area if Restructured ; Saving if Restructured ; Registered ; Example Multiplexer Output                                     ;
+--------------------+-----------+---------------+----------------------+------------------------+------------+----------------------------------------------------------------+
; 3:1                ; 4 bits    ; 8 LEs         ; 0 LEs                ; 8 LEs                  ; Yes        ; |top|uart:uart_inst|fifo:tx_fifo|read_addr[0]                  ;
; 3:1                ; 32 bits   ; 64 LEs        ; 32 LEs               ; 32 LEs                 ; Yes        ; |top|uart:uart_inst|uart_rx:rx_inst|cycle_per_byte[0]          ;
; 3:1                ; 4 bits    ; 8 LEs         ; 0 LEs                ; 8 LEs                  ; Yes        ; |top|uart:uart_inst|fifo:rx_fifo|write_addr[3]                 ;
; 3:1                ; 6 bits    ; 12 LEs        ; 6 LEs                ; 6 LEs                  ; Yes        ; |top|serial2parallel:s2p|counter[5]                            ;
; 3:1                ; 31 bits   ; 62 LEs        ; 31 LEs               ; 31 LEs                 ; Yes        ; |top|uart:uart_inst|uart_rx:rx_inst|division:divide|db_dvnd[1] ;
; 4:1                ; 4 bits    ; 8 LEs         ; 8 LEs                ; 0 LEs                  ; Yes        ; |top|bcd_shift_register:sr|data_out[1]                         ;
; 4:1                ; 4 bits    ; 8 LEs         ; 8 LEs                ; 0 LEs                  ; Yes        ; |top|bcd_shift_register:sr|data_out[23]                        ;
; 4:1                ; 16 bits   ; 32 LEs        ; 32 LEs               ; 0 LEs                  ; Yes        ; |top|bcd_shift_register:sr|data_out[13]                        ;
; 5:1                ; 5 bits    ; 15 LEs        ; 5 LEs                ; 10 LEs                 ; Yes        ; |top|uart:uart_inst|uart_tx:tx_inst|s_reg[1]                   ;
; 8:1                ; 4 bits    ; 20 LEs        ; 4 LEs                ; 16 LEs                 ; Yes        ; |top|uart:uart_inst|uart_tx:tx_inst|n[0]                       ;
; 9:1                ; 5 bits    ; 30 LEs        ; 5 LEs                ; 25 LEs                 ; Yes        ; |top|uart:uart_inst|uart_rx:rx_inst|s_operate_reg[3]           ;
; 5:1                ; 3 bits    ; 9 LEs         ; 6 LEs                ; 3 LEs                  ; No         ; |top|uart:uart_inst|fifo:tx_fifo|Selector6                     ;
; 7:1                ; 3 bits    ; 12 LEs        ; 6 LEs                ; 6 LEs                  ; No         ; |top|uart:uart_inst|uart_rx:rx_inst|baund_detect_state         ;
; 6:1                ; 2 bits    ; 8 LEs         ; 4 LEs                ; 4 LEs                  ; No         ; |top|uart:uart_inst|uart_tx:tx_inst|Selector21                 ;
; 7:1                ; 2 bits    ; 8 LEs         ; 4 LEs                ; 4 LEs                  ; No         ; |top|uart:uart_inst|fifo:rx_fifo|Selector5                     ;
; 8:1                ; 2 bits    ; 10 LEs        ; 4 LEs                ; 6 LEs                  ; No         ; |top|uart:uart_inst|uart_tx:tx_inst|Selector20                 ;
; 9:1                ; 4 bits    ; 24 LEs        ; 12 LEs               ; 12 LEs                 ; No         ; |top|uart:uart_inst|uart_rx:rx_inst|operate_state              ;
+--------------------+-----------+---------------+----------------------+------------------------+------------+----------------------------------------------------------------+


+-------------------------------------------------------------+
; Parameter Settings for User Entity Instance: uart:uart_inst ;
+----------------+-------+------------------------------------+
; Parameter Name ; Value ; Type                               ;
+----------------+-------+------------------------------------+
; WIDTH          ; 8     ; Signed Integer                     ;
; SB_TICK        ; 16    ; Signed Integer                     ;
; S              ; 16    ; Signed Integer                     ;
; BAUND_RATE     ; 9600  ; Signed Integer                     ;
; FIFO_DEPTH     ; 8     ; Signed Integer                     ;
+----------------+-------+------------------------------------+
Note: In order to hide this table in the UI and the text report file, please set the "Show Parameter Settings in Synthesis Report" option in "Analysis and Synthesis Settings -> More Settings" to "Off".


+-----------------------------------------------------------------------------------------+
; Parameter Settings for User Entity Instance: uart:uart_inst|rx_specific_counter:counter ;
+----------------+-------+----------------------------------------------------------------+
; Parameter Name ; Value ; Type                                                           ;
+----------------+-------+----------------------------------------------------------------+
; INITIAL_M      ; 325   ; Signed Integer                                                 ;
+----------------+-------+----------------------------------------------------------------+
Note: In order to hide this table in the UI and the text report file, please set the "Show Parameter Settings in Synthesis Report" option in "Analysis and Synthesis Settings -> More Settings" to "Off".


+--------------------------------------------------------------------------+
; Parameter Settings for User Entity Instance: uart:uart_inst|fifo:tx_fifo ;
+----------------+-------+-------------------------------------------------+
; Parameter Name ; Value ; Type                                            ;
+----------------+-------+-------------------------------------------------+
; N              ; 8     ; Signed Integer                                  ;
; W              ; 8     ; Signed Integer                                  ;
+----------------+-------+-------------------------------------------------+
Note: In order to hide this table in the UI and the text report file, please set the "Show Parameter Settings in Synthesis Report" option in "Analysis and Synthesis Settings -> More Settings" to "Off".


+--------------------------------------------------------------------------+
; Parameter Settings for User Entity Instance: uart:uart_inst|fifo:rx_fifo ;
+----------------+-------+-------------------------------------------------+
; Parameter Name ; Value ; Type                                            ;
+----------------+-------+-------------------------------------------------+
; N              ; 8     ; Signed Integer                                  ;
; W              ; 8     ; Signed Integer                                  ;
+----------------+-------+-------------------------------------------------+
Note: In order to hide this table in the UI and the text report file, please set the "Show Parameter Settings in Synthesis Report" option in "Analysis and Synthesis Settings -> More Settings" to "Off".


+-----------------------------------------------------------------------------+
; Parameter Settings for User Entity Instance: uart:uart_inst|uart_rx:rx_inst ;
+----------------+-------+----------------------------------------------------+
; Parameter Name ; Value ; Type                                               ;
+----------------+-------+----------------------------------------------------+
; DBIT           ; 8     ; Signed Integer                                     ;
; S              ; 16    ; Signed Integer                                     ;
; SB_TICK        ; 16    ; Signed Integer                                     ;
+----------------+-------+----------------------------------------------------+
Note: In order to hide this table in the UI and the text report file, please set the "Show Parameter Settings in Synthesis Report" option in "Analysis and Synthesis Settings -> More Settings" to "Off".


+---------------------------------------------------------------------------------------------+
; Parameter Settings for User Entity Instance: uart:uart_inst|uart_rx:rx_inst|division:divide ;
+----------------+-------+--------------------------------------------------------------------+
; Parameter Name ; Value ; Type                                                               ;
+----------------+-------+--------------------------------------------------------------------+
; W              ; 32    ; Signed Integer                                                     ;
+----------------+-------+--------------------------------------------------------------------+
Note: In order to hide this table in the UI and the text report file, please set the "Show Parameter Settings in Synthesis Report" option in "Analysis and Synthesis Settings -> More Settings" to "Off".


+-----------------------------------------------------------------------------+
; Parameter Settings for User Entity Instance: uart:uart_inst|uart_tx:tx_inst ;
+----------------+-------+----------------------------------------------------+
; Parameter Name ; Value ; Type                                               ;
+----------------+-------+----------------------------------------------------+
; DBIT           ; 8     ; Signed Integer                                     ;
; SB_TICK        ; 16    ; Signed Integer                                     ;
; S              ; 16    ; Signed Integer                                     ;
+----------------+-------+----------------------------------------------------+
Note: In order to hide this table in the UI and the text report file, please set the "Show Parameter Settings in Synthesis Report" option in "Analysis and Synthesis Settings -> More Settings" to "Off".


+------------------------------------------------------------------+
; Parameter Settings for User Entity Instance: serial2parallel:s2p ;
+----------------+-------+-----------------------------------------+
; Parameter Name ; Value ; Type                                    ;
+----------------+-------+-----------------------------------------+
; W              ; 4     ; Signed Integer                          ;
; N              ; 6     ; Signed Integer                          ;
+----------------+-------+-----------------------------------------+
Note: In order to hide this table in the UI and the text report file, please set the "Show Parameter Settings in Synthesis Report" option in "Analysis and Synthesis Settings -> More Settings" to "Off".


+--------------------------------------------------------------------+
; Parameter Settings for User Entity Instance: bcd_shift_register:sr ;
+----------------+-------+-------------------------------------------+
; Parameter Name ; Value ; Type                                      ;
+----------------+-------+-------------------------------------------+
; W              ; 4     ; Signed Integer                            ;
; N              ; 6     ; Signed Integer                            ;
+----------------+-------+-------------------------------------------+
Note: In order to hide this table in the UI and the text report file, please set the "Show Parameter Settings in Synthesis Report" option in "Analysis and Synthesis Settings -> More Settings" to "Off".


+-----------------------------------------------------------------------------------------------------------------------------------------------------------------------------------------------------------------+
; Port Connectivity Checks: "serial2parallel:s2p"                                                                                                                                                                 ;
+---------+-------+----------+------------------------------------------------------------------------------------------------------------------------------------------------------------------------------------+
; Port    ; Type  ; Severity ; Details                                                                                                                                                                            ;
+---------+-------+----------+------------------------------------------------------------------------------------------------------------------------------------------------------------------------------------+
; data_in ; Input ; Warning  ; Input port expression (32 bits) is wider than the input port (4 bits) it drives.  The 28 most-significant bit(s) in the expression will be dangling if they have no other fanouts. ;
+---------+-------+----------+------------------------------------------------------------------------------------------------------------------------------------------------------------------------------------+


+--------------------------------------------------------------------------------------------------------------------------------------------+
; Port Connectivity Checks: "uart:uart_inst|uart_rx:rx_inst|division:divide"                                                                 ;
+-------------+--------+----------+----------------------------------------------------------------------------------------------------------+
; Port        ; Type   ; Severity ; Details                                                                                                  ;
+-------------+--------+----------+----------------------------------------------------------------------------------------------------------+
; dvsr[31..5] ; Input  ; Info     ; Stuck at GND                                                                                             ;
; dvsr[3..0]  ; Input  ; Info     ; Stuck at GND                                                                                             ;
; dvsr[4]     ; Input  ; Info     ; Stuck at VCC                                                                                             ;
; rmd         ; Output ; Warning  ; Declared by entity but not connected by instance. Logic that only feeds a dangling port will be removed. ;
; ready       ; Output ; Warning  ; Declared by entity but not connected by instance. Logic that only feeds a dangling port will be removed. ;
+-------------+--------+----------+----------------------------------------------------------------------------------------------------------+


+----------------------------------------------------------------------------------------------------------------------------------------+
; Port Connectivity Checks: "uart:uart_inst|rx_specific_counter:counter"                                                                 ;
+---------+--------+----------+----------------------------------------------------------------------------------------------------------+
; Port    ; Type   ; Severity ; Details                                                                                                  ;
+---------+--------+----------+----------------------------------------------------------------------------------------------------------+
; counter ; Output ; Warning  ; Declared by entity but not connected by instance. Logic that only feeds a dangling port will be removed. ;
+---------+--------+----------+----------------------------------------------------------------------------------------------------------+


+---------------------------------------------------------------------------------------------------------------------------------------------------------------------------------+
; Port Connectivity Checks: "uart:uart_inst"                                                                                                                                      ;
+--------------+--------+----------+----------------------------------------------------------------------------------------------------------------------------------------------+
; Port         ; Type   ; Severity ; Details                                                                                                                                      ;
+--------------+--------+----------+----------------------------------------------------------------------------------------------------------------------------------------------+
; data_in      ; Input  ; Info     ; Explicitly unconnected                                                                                                                       ;
; tx_full      ; Output ; Warning  ; Declared by entity but not connected by instance. Logic that only feeds a dangling port will be removed.                                     ;
; tx_empty     ; Output ; Warning  ; Declared by entity but not connected by instance. Logic that only feeds a dangling port will be removed.                                     ;
; rx_full      ; Output ; Warning  ; Declared by entity but not connected by instance. Logic that only feeds a dangling port will be removed.                                     ;
; rx_done_tick ; Output ; Warning  ; Declared by entity but not connected by instance. Logic that only feeds a dangling port will be removed.                                     ;
; wr_data      ; Input  ; Warning  ; Declared by entity but not connected by instance. If a default value exists, it will be used.  Otherwise, the port will be connected to GND. ;
+--------------+--------+----------+----------------------------------------------------------------------------------------------------------------------------------------------+


+-----------------------------------------------------+
; Post-Synthesis Netlist Statistics for Top Partition ;
+-----------------------+-----------------------------+
; Type                  ; Count                       ;
+-----------------------+-----------------------------+
; boundary_port         ; 54                          ;
; cycloneiii_ff         ; 391                         ;
;     CLR               ; 87                          ;
;     ENA               ; 64                          ;
;     ENA CLR           ; 197                         ;
;     ENA CLR SCLR      ; 27                          ;
;     ENA CLR SLD       ; 16                          ;
; cycloneiii_lcell_comb ; 497                         ;
;     arith             ; 97                          ;
;         2 data inputs ; 97                          ;
;     normal            ; 400                         ;
;         0 data inputs ; 1                           ;
;         1 data inputs ; 22                          ;
;         2 data inputs ; 12                          ;
;         3 data inputs ; 78                          ;
;         4 data inputs ; 287                         ;
;                       ;                             ;
; Max LUT depth         ; 6.00                        ;
; Average LUT depth     ; 2.97                        ;
+-----------------------+-----------------------------+


+-------------------------------+
; Elapsed Time Per Partition    ;
+----------------+--------------+
; Partition Name ; Elapsed Time ;
+----------------+--------------+
; Top            ; 00:00:01     ;
+----------------+--------------+


+-------------------------------+
; Analysis & Synthesis Messages ;
+-------------------------------+
Info: *******************************************************************
Info: Running Quartus Prime Analysis & Synthesis
    Info: Version 24.1std.0 Build 1077 03/04/2025 SC Lite Edition
    Info: Processing started: Tue Apr 22 21:28:23 2025
Info: Command: quartus_map --read_settings_files=on --write_settings_files=off uart-banner -c uart-banner
Warning (18236): Number of processors has not been specified which may cause overloading on shared machines.  Set the global assignment NUM_PARALLEL_PROCESSORS in your QSF to an appropriate value for best performance.
Info (20030): Parallel compilation is enabled and will use 4 of the 4 processors detected
Warning (12019): Can't analyze file -- file uart/uart_tx.v is missing
Warning (12019): Can't analyze file -- file uart/uart_rx.v is missing
Warning (12019): Can't analyze file -- file uart/uart.v is missing
Warning (12019): Can't analyze file -- file uart/m_counter.v is missing
Warning (12019): Can't analyze file -- file uart/fifo.v is missing
Warning (12019): Can't analyze file -- file uart/division.v is missing
Info (12021): Found 11 design units, including 11 entities, in source file src/top.v
    Info (12023): Found entity 1: division File: C:/hellowhandsome/uart-banner/src/uart/division.v Line: 7
    Info (12023): Found entity 2: uart_rx File: C:/hellowhandsome/uart-banner/src/uart/uart_rx.v Line: 4
    Info (12023): Found entity 3: uart_tx File: C:/hellowhandsome/uart-banner/src/uart/uart_tx.v Line: 3
    Info (12023): Found entity 4: rx_specific_counter File: C:/hellowhandsome/uart-banner/src/uart/m_counter.v Line: 3
    Info (12023): Found entity 5: fifo File: C:/hellowhandsome/uart-banner/src/uart/fifo.v Line: 4
    Info (12023): Found entity 6: uart File: C:/hellowhandsome/uart-banner/src/uart/uart.v Line: 7
    Info (12023): Found entity 7: bcd2sseg_active_low File: C:/hellowhandsome/uart-banner/src/bcd2sseg_active_low.v Line: 3
    Info (12023): Found entity 8: signal_decoder File: C:/hellowhandsome/uart-banner/src/signal_decoder.v Line: 3
    Info (12023): Found entity 9: serial2parallel File: C:/hellowhandsome/uart-banner/serial2parallel.v Line: 3
    Info (12023): Found entity 10: bcd_shift_register File: C:/hellowhandsome/uart-banner/src/bcd_shift_register.v Line: 3
    Info (12023): Found entity 11: top File: C:/hellowhandsome/uart-banner/src/top.v Line: 6
Info (12021): Found 0 design units, including 0 entities, in source file src/signal_decoder.v
Info (12021): Found 0 design units, including 0 entities, in source file src/serial2parallel.v
Info (12021): Found 0 design units, including 0 entities, in source file src/bcd2sseg_active_low.v
Info (12021): Found 0 design units, including 0 entities, in source file src/bcd_shift_register.v
Info (12127): Elaborating entity "top" for the top level hierarchy
Info (12128): Elaborating entity "uart" for hierarchy "uart:uart_inst" File: C:/hellowhandsome/uart-banner/src/top.v Line: 39
Info (12128): Elaborating entity "rx_specific_counter" for hierarchy "uart:uart_inst|rx_specific_counter:counter" File: C:/hellowhandsome/uart-banner/src/uart/uart.v Line: 41
Warning (10230): Verilog HDL assignment warning at m_counter.v(25): truncated value with size 32 to match size of target (16) File: C:/hellowhandsome/uart-banner/src/uart/m_counter.v Line: 25
Info (12128): Elaborating entity "fifo" for hierarchy "uart:uart_inst|fifo:tx_fifo" File: C:/hellowhandsome/uart-banner/src/uart/uart.v Line: 52
Info (12128): Elaborating entity "uart_rx" for hierarchy "uart:uart_inst|uart_rx:rx_inst" File: C:/hellowhandsome/uart-banner/src/uart/uart.v Line: 75
Warning (10230): Verilog HDL assignment warning at uart_rx.v(57): truncated value with size 32 to match size of target (1) File: C:/hellowhandsome/uart-banner/src/uart/uart_rx.v Line: 57
Warning (10230): Verilog HDL assignment warning at uart_rx.v(82): truncated value with size 32 to match size of target (8) File: C:/hellowhandsome/uart-banner/src/uart/uart_rx.v Line: 82
Warning (10230): Verilog HDL assignment warning at uart_rx.v(85): truncated value with size 32 to match size of target (8) File: C:/hellowhandsome/uart-banner/src/uart/uart_rx.v Line: 85
Warning (10230): Verilog HDL assignment warning at uart_rx.v(94): truncated value with size 32 to match size of target (1) File: C:/hellowhandsome/uart-banner/src/uart/uart_rx.v Line: 94
Warning (10230): Verilog HDL assignment warning at uart_rx.v(115): truncated value with size 32 to match size of target (5) File: C:/hellowhandsome/uart-banner/src/uart/uart_rx.v Line: 115
Warning (10230): Verilog HDL assignment warning at uart_rx.v(125): truncated value with size 32 to match size of target (4) File: C:/hellowhandsome/uart-banner/src/uart/uart_rx.v Line: 125
Warning (10230): Verilog HDL assignment warning at uart_rx.v(127): truncated value with size 32 to match size of target (5) File: C:/hellowhandsome/uart-banner/src/uart/uart_rx.v Line: 127
Warning (10230): Verilog HDL assignment warning at uart_rx.v(136): truncated value with size 32 to match size of target (5) File: C:/hellowhandsome/uart-banner/src/uart/uart_rx.v Line: 136
Info (12128): Elaborating entity "division" for hierarchy "uart:uart_inst|uart_rx:rx_inst|division:divide" File: C:/hellowhandsome/uart-banner/src/uart/uart_rx.v Line: 42
Warning (10230): Verilog HDL assignment warning at division.v(58): truncated value with size 32 to match size of target (10) File: C:/hellowhandsome/uart-banner/src/uart/division.v Line: 58
Info (12128): Elaborating entity "uart_tx" for hierarchy "uart:uart_inst|uart_tx:tx_inst" File: C:/hellowhandsome/uart-banner/src/uart/uart.v Line: 85
Warning (10230): Verilog HDL assignment warning at uart_tx.v(53): truncated value with size 32 to match size of target (5) File: C:/hellowhandsome/uart-banner/src/uart/uart_tx.v Line: 53
Warning (10230): Verilog HDL assignment warning at uart_tx.v(65): truncated value with size 32 to match size of target (4) File: C:/hellowhandsome/uart-banner/src/uart/uart_tx.v Line: 65
Warning (10230): Verilog HDL assignment warning at uart_tx.v(69): truncated value with size 32 to match size of target (5) File: C:/hellowhandsome/uart-banner/src/uart/uart_tx.v Line: 69
Warning (10230): Verilog HDL assignment warning at uart_tx.v(80): truncated value with size 32 to match size of target (5) File: C:/hellowhandsome/uart-banner/src/uart/uart_tx.v Line: 80
Info (12128): Elaborating entity "signal_decoder" for hierarchy "signal_decoder:dcode" File: C:/hellowhandsome/uart-banner/src/top.v Line: 50
Warning (10270): Verilog HDL Case Statement warning at signal_decoder.v(17): incomplete case statement has no default case item File: C:/hellowhandsome/uart-banner/src/signal_decoder.v Line: 17
Info (12128): Elaborating entity "serial2parallel" for hierarchy "serial2parallel:s2p" File: C:/hellowhandsome/uart-banner/src/top.v Line: 61
Warning (10230): Verilog HDL assignment warning at serial2parallel.v(26): truncated value with size 32 to match size of target (1) File: C:/hellowhandsome/uart-banner/serial2parallel.v Line: 26
Warning (10230): Verilog HDL assignment warning at serial2parallel.v(33): truncated value with size 32 to match size of target (1) File: C:/hellowhandsome/uart-banner/serial2parallel.v Line: 33
Warning (10230): Verilog HDL assignment warning at serial2parallel.v(41): truncated value with size 32 to match size of target (1) File: C:/hellowhandsome/uart-banner/serial2parallel.v Line: 41
Warning (10230): Verilog HDL assignment warning at serial2parallel.v(44): truncated value with size 32 to match size of target (6) File: C:/hellowhandsome/uart-banner/serial2parallel.v Line: 44
Info (12128): Elaborating entity "bcd_shift_register" for hierarchy "bcd_shift_register:sr" File: C:/hellowhandsome/uart-banner/src/top.v Line: 73
Warning (10230): Verilog HDL assignment warning at bcd_shift_register.v(27): truncated value with size 32 to match size of target (1) File: C:/hellowhandsome/uart-banner/src/bcd_shift_register.v Line: 27
Warning (10230): Verilog HDL assignment warning at bcd_shift_register.v(28): truncated value with size 32 to match size of target (1) File: C:/hellowhandsome/uart-banner/src/bcd_shift_register.v Line: 28
Warning (10230): Verilog HDL assignment warning at bcd_shift_register.v(32): truncated value with size 32 to match size of target (1) File: C:/hellowhandsome/uart-banner/src/bcd_shift_register.v Line: 32
Warning (10230): Verilog HDL assignment warning at bcd_shift_register.v(33): truncated value with size 32 to match size of target (1) File: C:/hellowhandsome/uart-banner/src/bcd_shift_register.v Line: 33
Warning (10230): Verilog HDL assignment warning at bcd_shift_register.v(36): truncated value with size 32 to match size of target (1) File: C:/hellowhandsome/uart-banner/src/bcd_shift_register.v Line: 36
Warning (10230): Verilog HDL assignment warning at bcd_shift_register.v(40): truncated value with size 32 to match size of target (1) File: C:/hellowhandsome/uart-banner/src/bcd_shift_register.v Line: 40
Info (12128): Elaborating entity "bcd2sseg_active_low" for hierarchy "bcd2sseg_active_low:b2ssg" File: C:/hellowhandsome/uart-banner/src/top.v Line: 88
Info (276014): Found 1 instances of uninferred RAM logic
    Info (276004): RAM logic "uart:uart_inst|fifo:rx_fifo|mem" is uninferred due to inappropriate RAM size File: C:/hellowhandsome/uart-banner/src/uart/fifo.v Line: 24
Warning (12241): 4 hierarchies have connectivity warnings - see the Connectivity Checks report folder
Info (13000): Registers with preset signals will power-up high File: C:/hellowhandsome/uart-banner/src/bcd_shift_register.v Line: 20
Info (13003): DEV_CLRn pin will set, and not reset, register with preset signal due to NOT Gate Push-Back
Warning (13024): Output pins are stuck at VCC or GND
    Warning (13410): Pin "sseg5[7]" is stuck at VCC File: C:/hellowhandsome/uart-banner/src/top.v Line: 7
    Warning (13410): Pin "sseg4[7]" is stuck at VCC File: C:/hellowhandsome/uart-banner/src/top.v Line: 8
    Warning (13410): Pin "sseg3[7]" is stuck at VCC File: C:/hellowhandsome/uart-banner/src/top.v Line: 9
    Warning (13410): Pin "sseg2[7]" is stuck at VCC File: C:/hellowhandsome/uart-banner/src/top.v Line: 10
    Warning (13410): Pin "sseg1[7]" is stuck at VCC File: C:/hellowhandsome/uart-banner/src/top.v Line: 11
    Warning (13410): Pin "sseg0[7]" is stuck at VCC File: C:/hellowhandsome/uart-banner/src/top.v Line: 12
    Warning (13410): Pin "tx" is stuck at VCC File: C:/hellowhandsome/uart-banner/src/top.v Line: 15
Info (286030): Timing-Driven Synthesis is running
Info (17049): 5 registers lost all their fanouts during netlist optimizations.
Info (144001): Generated suppressed messages file C:/hellowhandsome/uart-banner/output_files/uart-banner.map.smsg
Info (16010): Generating hard_block partition "hard_block:auto_generated_inst"
    Info (16011): Adding 0 node(s), including 0 DDIO, 0 PLL, 0 transceiver and 0 LCELL
Info (21057): Implemented 699 device resources after synthesis - the final resource count might be different
    Info (21058): Implemented 3 input pins
    Info (21059): Implemented 51 output pins
    Info (21061): Implemented 645 logic cells
Info: Quartus Prime Analysis & Synthesis was successful. 0 errors, 41 warnings
    Info: Peak virtual memory: 4821 megabytes
    Info: Processing ended: Tue Apr 22 21:29:21 2025
    Info: Elapsed time: 00:00:58
    Info: Total CPU time (on all processors): 00:01:14


+------------------------------------------+
; Analysis & Synthesis Suppressed Messages ;
+------------------------------------------+
The suppressed messages can be found in C:/hellowhandsome/uart-banner/output_files/uart-banner.map.smsg.


